<?xml version="1.0" encoding="UTF-8"?>
<!-- Generated by org.testng.reporters.JUnitXMLReporter -->
<testsuite hostname="Princes-MacBook-Pro.local" ignored="2" name="Test" tests="5" failures="0" timestamp="2022-11-21T17:37:22 IST" time="0.038" errors="0">
  <testcase name="VerifyCoustomerTravelPage" time="0.003" classname="com.test.pages.TravelPageTest"/>
  <testcase name="verifyKiwiModule_ActionClass" time="0.001" classname="com.test.pages.IntegrationPageTest"/>
  <testcase name="VerifyHomePage" time="0.0" classname="com.test.pages.HomePageTest"/>
  <testcase name="getAllLinks" time="0.001" classname="com.test.pages.HomePageTest"/>
  <testcase name="VerifyChat" time="0.001" classname="com.test.pages.HomePageTest"/>
  <testcase name="@BeforeSuite deleteScreenShots" time="0.0" classname="com.test.base.BasePage">
    <ignored/>
  </testcase> <!-- @BeforeSuite deleteScreenShots -->
  <testcase name="@BeforeSuite deleteScreenShots" time="0.0" classname="com.test.base.BasePage">
    <ignored/>
  </testcase> <!-- @BeforeSuite deleteScreenShots -->
</testsuite> <!-- Test -->
