<?xml version="1.0" encoding="UTF-8"?>
<!-- Generated by org.testng.reporters.JUnitXMLReporter -->
<testsuite hostname="Princes-MacBook-Pro.local" ignored="2" name="Test" tests="5" failures="0" timestamp="2022-11-21T19:22:21 IST" time="24.195" errors="0">
  <testcase name="@BeforeSuite deleteScreenShots" time="0.006" classname="com.test.base.BasePage">
    <failure type="java.lang.NullPointerException">
      <![CDATA[java.lang.NullPointerException
at com.test.base.BasePage.deleteScreenShots(BasePage.java:48)
... Removed 19 stack frames]]>
    </failure>
  </testcase> <!-- @BeforeSuite deleteScreenShots -->
  <testcase name="VerifyCoustomerTravelPage" time="0.0" classname="com.test.pages.TravelPageTest">
    <skipped/>
  </testcase> <!-- VerifyCoustomerTravelPage -->
  <testcase name="verifyKiwiModule_ActionClass" time="0.0" classname="com.test.pages.IntegrationPageTest">
    <skipped/>
  </testcase> <!-- verifyKiwiModule_ActionClass -->
  <testcase name="VerifyHomePage" time="0.0" classname="com.test.pages.HomePageTest">
    <skipped/>
  </testcase> <!-- VerifyHomePage -->
  <testcase name="getAllLinks" time="0.0" classname="com.test.pages.HomePageTest">
    <skipped/>
  </testcase> <!-- getAllLinks -->
  <testcase name="VerifyChat" time="0.0" classname="com.test.pages.HomePageTest">
    <skipped/>
  </testcase> <!-- VerifyChat -->
  <testcase name="@BeforeSuite deleteScreenShots" time="0.0" classname="com.test.base.BasePage">
    <ignored/>
  </testcase> <!-- @BeforeSuite deleteScreenShots -->
  <testcase name="@BeforeSuite deleteScreenShots" time="0.0" classname="com.test.base.BasePage">
    <ignored/>
  </testcase> <!-- @BeforeSuite deleteScreenShots -->
</testsuite> <!-- Test -->
