<?xml version="1.0" encoding="UTF-8"?>
<testng-results skipped="0" failed="1" ignored="2" total="7" passed="4">
  <reporter-output>
  </reporter-output>
  <suite name="AllTest" duration-ms="114054" started-at="2022-11-21T17:47:37 IST" finished-at="2022-11-21T17:49:31 IST">
    <groups>
      <group name="Regression">
        <method signature="HomePageTest.VerifyHomePage()[pri:0, instance:com.test.pages.HomePageTest@42607a4f]" name="VerifyHomePage" class="com.test.pages.HomePageTest"/>
        <method signature="HomePageTest.getAllLinks()[pri:0, instance:com.test.pages.HomePageTest@42607a4f]" name="getAllLinks" class="com.test.pages.HomePageTest"/>
        <method signature="IntegrationPageTest.verifyKiwiModule_ActionClass()[pri:0, instance:com.test.pages.IntegrationPageTest@18bf3d14]" name="verifyKiwiModule_ActionClass" class="com.test.pages.IntegrationPageTest"/>
        <method signature="TravelPageTest.VerifyCoustomerTravelPage()[pri:0, instance:com.test.pages.TravelPageTest@75881071]" name="VerifyCoustomerTravelPage" class="com.test.pages.TravelPageTest"/>
      </group> <!-- Regression -->
      <group name="Smoke">
        <method signature="HomePageTest.VerifyChat()[pri:1, instance:com.test.pages.HomePageTest@42607a4f]" name="VerifyChat" class="com.test.pages.HomePageTest"/>
        <method signature="HomePageTest.VerifyHomePage()[pri:0, instance:com.test.pages.HomePageTest@42607a4f]" name="VerifyHomePage" class="com.test.pages.HomePageTest"/>
        <method signature="IntegrationPageTest.verifyKiwiModule_ActionClass()[pri:0, instance:com.test.pages.IntegrationPageTest@18bf3d14]" name="verifyKiwiModule_ActionClass" class="com.test.pages.IntegrationPageTest"/>
      </group> <!-- Smoke -->
    </groups>
    <test name="Test" duration-ms="114054" started-at="2022-11-21T17:47:37 IST" finished-at="2022-11-21T17:49:31 IST">
      <class name="com.test.pages.HomePageTest">
        <test-method status="PASS" signature="setupBrowser(java.lang.String)[pri:0, instance:com.test.pages.HomePageTest@42607a4f]" name="setupBrowser" is-config="true" duration-ms="4913" started-at="2022-11-21T17:49:00 IST" finished-at="2022-11-21T17:49:05 IST">
          <params>
            <param index="0">
              <value>
                <![CDATA[chrome]]>
              </value>
            </param>
          </params>
          <reporter-output>
          </reporter-output>
        </test-method> <!-- setupBrowser -->
        <test-method status="PASS" signature="setup()[pri:0, instance:com.test.pages.HomePageTest@42607a4f]" name="setup" is-config="true" duration-ms="8" started-at="2022-11-21T17:49:05 IST" finished-at="2022-11-21T17:49:05 IST">
          <reporter-output>
          </reporter-output>
        </test-method> <!-- setup -->
        <test-method status="PASS" signature="VerifyHomePage()[pri:0, instance:com.test.pages.HomePageTest@42607a4f]" name="VerifyHomePage" duration-ms="1071" started-at="2022-11-21T17:49:05 IST" finished-at="2022-11-21T17:49:06 IST">
          <reporter-output>
          </reporter-output>
        </test-method> <!-- VerifyHomePage -->
        <test-method status="PASS" signature="tearDown()[pri:0, instance:com.test.pages.HomePageTest@42607a4f]" name="tearDown" is-config="true" duration-ms="109" started-at="2022-11-21T17:49:06 IST" finished-at="2022-11-21T17:49:06 IST">
          <reporter-output>
          </reporter-output>
        </test-method> <!-- tearDown -->
        <test-method status="PASS" signature="setupBrowser(java.lang.String)[pri:0, instance:com.test.pages.HomePageTest@42607a4f]" name="setupBrowser" is-config="true" duration-ms="3606" started-at="2022-11-21T17:49:06 IST" finished-at="2022-11-21T17:49:10 IST">
          <params>
            <param index="0">
              <value>
                <![CDATA[chrome]]>
              </value>
            </param>
          </params>
          <reporter-output>
          </reporter-output>
        </test-method> <!-- setupBrowser -->
        <test-method status="PASS" signature="setup()[pri:0, instance:com.test.pages.HomePageTest@42607a4f]" name="setup" is-config="true" duration-ms="1" started-at="2022-11-21T17:49:10 IST" finished-at="2022-11-21T17:49:10 IST">
          <reporter-output>
          </reporter-output>
        </test-method> <!-- setup -->
        <test-method status="PASS" signature="getAllLinks()[pri:0, instance:com.test.pages.HomePageTest@42607a4f]" name="getAllLinks" duration-ms="1973" started-at="2022-11-21T17:49:10 IST" finished-at="2022-11-21T17:49:12 IST">
          <reporter-output>
          </reporter-output>
        </test-method> <!-- getAllLinks -->
        <test-method status="PASS" signature="tearDown()[pri:0, instance:com.test.pages.HomePageTest@42607a4f]" name="tearDown" is-config="true" duration-ms="118" started-at="2022-11-21T17:49:12 IST" finished-at="2022-11-21T17:49:12 IST">
          <reporter-output>
          </reporter-output>
        </test-method> <!-- tearDown -->
        <test-method status="PASS" signature="setupBrowser(java.lang.String)[pri:0, instance:com.test.pages.HomePageTest@42607a4f]" name="setupBrowser" is-config="true" duration-ms="3514" started-at="2022-11-21T17:49:12 IST" finished-at="2022-11-21T17:49:16 IST">
          <params>
            <param index="0">
              <value>
                <![CDATA[chrome]]>
              </value>
            </param>
          </params>
          <reporter-output>
          </reporter-output>
        </test-method> <!-- setupBrowser -->
        <test-method status="PASS" signature="setup()[pri:0, instance:com.test.pages.HomePageTest@42607a4f]" name="setup" is-config="true" duration-ms="1" started-at="2022-11-21T17:49:16 IST" finished-at="2022-11-21T17:49:16 IST">
          <reporter-output>
          </reporter-output>
        </test-method> <!-- setup -->
        <test-method status="PASS" signature="VerifyChat()[pri:1, instance:com.test.pages.HomePageTest@42607a4f]" name="VerifyChat" duration-ms="14839" started-at="2022-11-21T17:49:16 IST" finished-at="2022-11-21T17:49:30 IST">
          <reporter-output>
          </reporter-output>
        </test-method> <!-- VerifyChat -->
        <test-method status="PASS" signature="tearDown()[pri:0, instance:com.test.pages.HomePageTest@42607a4f]" name="tearDown" is-config="true" duration-ms="132" started-at="2022-11-21T17:49:30 IST" finished-at="2022-11-21T17:49:31 IST">
          <reporter-output>
          </reporter-output>
        </test-method> <!-- tearDown -->
      </class> <!-- com.test.pages.HomePageTest -->
      <class name="com.test.pages.TravelPageTest">
        <test-method status="PASS" signature="deleteScreenShots()[pri:0, instance:com.test.pages.TravelPageTest@75881071]" name="deleteScreenShots" is-config="true" duration-ms="5" started-at="2022-11-21T17:47:37 IST" finished-at="2022-11-21T17:47:37 IST">
          <reporter-output>
          </reporter-output>
        </test-method> <!-- deleteScreenShots -->
        <test-method status="PASS" signature="setupBrowser(java.lang.String)[pri:0, instance:com.test.pages.TravelPageTest@75881071]" name="setupBrowser" is-config="true" duration-ms="3956" started-at="2022-11-21T17:47:37 IST" finished-at="2022-11-21T17:47:41 IST">
          <params>
            <param index="0">
              <value>
                <![CDATA[chrome]]>
              </value>
            </param>
          </params>
          <reporter-output>
          </reporter-output>
        </test-method> <!-- setupBrowser -->
        <test-method status="PASS" signature="setup()[pri:0, instance:com.test.pages.TravelPageTest@75881071]" name="setup" is-config="true" duration-ms="18" started-at="2022-11-21T17:47:41 IST" finished-at="2022-11-21T17:47:41 IST">
          <reporter-output>
          </reporter-output>
        </test-method> <!-- setup -->
        <test-method status="FAIL" signature="VerifyCoustomerTravelPage()[pri:0, instance:com.test.pages.TravelPageTest@75881071]" name="VerifyCoustomerTravelPage" duration-ms="72392" started-at="2022-11-21T17:47:41 IST" finished-at="2022-11-21T17:48:53 IST">
          <exception class="org.openqa.selenium.TimeoutException">
            <message>
              <![CDATA[Expected condition failed: waiting for visibility of element located by By.xpath: //*[@class='modal-title title'] (tried for 60 second(s) with 500 milliseconds interval)
Build info: version: '4.6.0', revision: '79f1c02ae20'
System info: os.name: 'Mac OS X', os.arch: 'x86_64', os.version: '10.16', java.version: '1.8.0_291'
Driver info: org.openqa.selenium.chrome.ChromeDriver
Capabilities {acceptInsecureCerts: false, browserName: chrome, browserVersion: 107.0.5304.110, chrome: {chromedriverVersion: 107.0.5304.62 (1eec40d3a576..., userDataDir: /var/folders/p3/yjg70c6x0fn...}, goog:chromeOptions: {debuggerAddress: localhost:51074}, networkConnectionEnabled: false, pageLoadStrategy: normal, platformName: MAC, proxy: Proxy(), se:cdp: ws://localhost:51074/devtoo..., se:cdpVersion: 107.0.5304.110, setWindowRect: true, strictFileInteractability: false, timeouts: {implicit: 0, pageLoad: 300000, script: 30000}, unhandledPromptBehavior: dismiss and notify, webauthn:extension:credBlob: true, webauthn:extension:largeBlob: true, webauthn:virtualAuthenticators: true}
Session ID: c2803c35bd9a116aa89a70b10e391eed]]>
            </message>
            <full-stacktrace>
              <![CDATA[org.openqa.selenium.TimeoutException: Expected condition failed: waiting for visibility of element located by By.xpath: //*[@class='modal-title title'] (tried for 60 second(s) with 500 milliseconds interval)
Build info: version: '4.6.0', revision: '79f1c02ae20'
System info: os.name: 'Mac OS X', os.arch: 'x86_64', os.version: '10.16', java.version: '1.8.0_291'
Driver info: org.openqa.selenium.chrome.ChromeDriver
Capabilities {acceptInsecureCerts: false, browserName: chrome, browserVersion: 107.0.5304.110, chrome: {chromedriverVersion: 107.0.5304.62 (1eec40d3a576..., userDataDir: /var/folders/p3/yjg70c6x0fn...}, goog:chromeOptions: {debuggerAddress: localhost:51074}, networkConnectionEnabled: false, pageLoadStrategy: normal, platformName: MAC, proxy: Proxy(), se:cdp: ws://localhost:51074/devtoo..., se:cdpVersion: 107.0.5304.110, setWindowRect: true, strictFileInteractability: false, timeouts: {implicit: 0, pageLoad: 300000, script: 30000}, unhandledPromptBehavior: dismiss and notify, webauthn:extension:credBlob: true, webauthn:extension:largeBlob: true, webauthn:virtualAuthenticators: true}
Session ID: c2803c35bd9a116aa89a70b10e391eed
at org.openqa.selenium.support.ui.WebDriverWait.timeoutException(WebDriverWait.java:87)
at org.openqa.selenium.support.ui.FluentWait.until(FluentWait.java:231)
at com.test.pages.TravelPageTest.VerifyCoustomerTravelPage(TravelPageTest.java:55)
at sun.reflect.NativeMethodAccessorImpl.invoke0(Native Method)
at sun.reflect.NativeMethodAccessorImpl.invoke(NativeMethodAccessorImpl.java:62)
at sun.reflect.DelegatingMethodAccessorImpl.invoke(DelegatingMethodAccessorImpl.java:43)
at java.lang.reflect.Method.invoke(Method.java:498)
at org.testng.internal.MethodInvocationHelper.invokeMethod(MethodInvocationHelper.java:133)
at org.testng.internal.TestInvoker.invokeMethod(TestInvoker.java:598)
at org.testng.internal.TestInvoker.invokeTestMethod(TestInvoker.java:173)
at org.testng.internal.MethodRunner.runInSequence(MethodRunner.java:46)
at org.testng.internal.TestInvoker$MethodInvocationAgent.invoke(TestInvoker.java:824)
at org.testng.internal.TestInvoker.invokeTestMethods(TestInvoker.java:146)
at org.testng.internal.TestMethodWorker.invokeTestMethods(TestMethodWorker.java:146)
at org.testng.internal.TestMethodWorker.run(TestMethodWorker.java:128)
at java.util.ArrayList.forEach(ArrayList.java:1259)
at org.testng.TestRunner.privateRun(TestRunner.java:794)
at org.testng.TestRunner.run(TestRunner.java:596)
at org.testng.SuiteRunner.runTest(SuiteRunner.java:377)
at org.testng.SuiteRunner.runSequentially(SuiteRunner.java:371)
at org.testng.SuiteRunner.privateRun(SuiteRunner.java:332)
at org.testng.SuiteRunner.run(SuiteRunner.java:276)
at org.testng.SuiteRunnerWorker.runSuite(SuiteRunnerWorker.java:53)
at org.testng.SuiteRunnerWorker.run(SuiteRunnerWorker.java:96)
at org.testng.TestNG.runSuitesSequentially(TestNG.java:1212)
at org.testng.TestNG.runSuitesLocally(TestNG.java:1134)
at org.testng.TestNG.runSuites(TestNG.java:1063)
at org.testng.TestNG.run(TestNG.java:1031)
at org.testng.remote.AbstractRemoteTestNG.run(AbstractRemoteTestNG.java:115)
at org.testng.remote.RemoteTestNG.initAndRun(RemoteTestNG.java:251)
at org.testng.remote.RemoteTestNG.main(RemoteTestNG.java:77)
]]>
            </full-stacktrace>
          </exception> <!-- org.openqa.selenium.TimeoutException -->
          <reporter-output>
          </reporter-output>
        </test-method> <!-- VerifyCoustomerTravelPage -->
        <test-method status="PASS" signature="tearDown()[pri:0, instance:com.test.pages.TravelPageTest@75881071]" name="tearDown" is-config="true" duration-ms="161" started-at="2022-11-21T17:48:53 IST" finished-at="2022-11-21T17:48:53 IST">
          <reporter-output>
          </reporter-output>
        </test-method> <!-- tearDown -->
      </class> <!-- com.test.pages.TravelPageTest -->
      <class name="com.test.pages.IntegrationPageTest">
        <test-method status="PASS" signature="setupBrowser(java.lang.String)[pri:0, instance:com.test.pages.IntegrationPageTest@18bf3d14]" name="setupBrowser" is-config="true" duration-ms="6336" started-at="2022-11-21T17:48:53 IST" finished-at="2022-11-21T17:49:00 IST">
          <params>
            <param index="0">
              <value>
                <![CDATA[chrome]]>
              </value>
            </param>
          </params>
          <reporter-output>
          </reporter-output>
        </test-method> <!-- setupBrowser -->
        <test-method status="PASS" signature="setup()[pri:0, instance:com.test.pages.IntegrationPageTest@18bf3d14]" name="setup" is-config="true" duration-ms="1" started-at="2022-11-21T17:49:00 IST" finished-at="2022-11-21T17:49:00 IST">
          <reporter-output>
          </reporter-output>
        </test-method> <!-- setup -->
        <test-method status="PASS" signature="verifyKiwiModule_ActionClass()[pri:0, instance:com.test.pages.IntegrationPageTest@18bf3d14]" name="verifyKiwiModule_ActionClass" duration-ms="515" started-at="2022-11-21T17:49:00 IST" finished-at="2022-11-21T17:49:00 IST">
          <reporter-output>
          </reporter-output>
        </test-method> <!-- verifyKiwiModule_ActionClass -->
        <test-method status="PASS" signature="tearDown()[pri:0, instance:com.test.pages.IntegrationPageTest@18bf3d14]" name="tearDown" is-config="true" duration-ms="106" started-at="2022-11-21T17:49:00 IST" finished-at="2022-11-21T17:49:00 IST">
          <reporter-output>
          </reporter-output>
        </test-method> <!-- tearDown -->
      </class> <!-- com.test.pages.IntegrationPageTest -->
    </test> <!-- Test -->
  </suite> <!-- AllTest -->
</testng-results>
