<?xml version="1.0" encoding="UTF-8"?>
<testng-results skipped="0" failed="0" ignored="1" total="5" passed="4">
  <reporter-output>
  </reporter-output>
  <suite name="AllTest" duration-ms="37435" started-at="2022-11-23T17:59:23 IST" finished-at="2022-11-23T18:00:00 IST">
    <groups>
      <group name="Regression">
        <method signature="HomePageTest.VerifyHomePage()[pri:0, instance:com.test.pages.HomePageTest@18bf3d14]" name="VerifyHomePage" class="com.test.pages.HomePageTest"/>
        <method signature="HomePageTest.getAllLinks()[pri:0, instance:com.test.pages.HomePageTest@18bf3d14]" name="getAllLinks" class="com.test.pages.HomePageTest"/>
        <method signature="IntegrationPageTest.verifyKiwiModule_ActionClass()[pri:0, instance:com.test.pages.IntegrationPageTest@1fc2b765]" name="verifyKiwiModule_ActionClass" class="com.test.pages.IntegrationPageTest"/>
      </group> <!-- Regression -->
      <group name="Smoke">
        <method signature="HomePageTest.VerifyChat()[pri:1, instance:com.test.pages.HomePageTest@18bf3d14]" name="VerifyChat" class="com.test.pages.HomePageTest"/>
        <method signature="HomePageTest.VerifyHomePage()[pri:0, instance:com.test.pages.HomePageTest@18bf3d14]" name="VerifyHomePage" class="com.test.pages.HomePageTest"/>
        <method signature="IntegrationPageTest.verifyKiwiModule_ActionClass()[pri:0, instance:com.test.pages.IntegrationPageTest@1fc2b765]" name="verifyKiwiModule_ActionClass" class="com.test.pages.IntegrationPageTest"/>
      </group> <!-- Smoke -->
    </groups>
    <test name="TestChrome" duration-ms="37435" started-at="2022-11-23T17:59:23 IST" finished-at="2022-11-23T18:00:00 IST">
      <class name="com.test.pages.HomePageTest">
        <test-method status="PASS" signature="setupBrowser(java.lang.String)[pri:0, instance:com.test.pages.HomePageTest@18bf3d14]" name="setupBrowser" is-config="true" duration-ms="4187" started-at="2022-11-23T17:59:30 IST" finished-at="2022-11-23T17:59:34 IST">
          <params>
            <param index="0">
              <value>
                <![CDATA[chrome]]>
              </value>
            </param>
          </params>
          <reporter-output>
          </reporter-output>
        </test-method> <!-- setupBrowser -->
        <test-method status="PASS" signature="setup()[pri:0, instance:com.test.pages.HomePageTest@18bf3d14]" name="setup" is-config="true" duration-ms="8" started-at="2022-11-23T17:59:34 IST" finished-at="2022-11-23T17:59:34 IST">
          <reporter-output>
          </reporter-output>
        </test-method> <!-- setup -->
        <test-method status="PASS" signature="VerifyHomePage()[pri:0, instance:com.test.pages.HomePageTest@18bf3d14]" name="VerifyHomePage" duration-ms="1086" started-at="2022-11-23T17:59:34 IST" finished-at="2022-11-23T17:59:35 IST">
          <reporter-output>
          </reporter-output>
        </test-method> <!-- VerifyHomePage -->
        <test-method status="PASS" signature="tearDown()[pri:0, instance:com.test.pages.HomePageTest@18bf3d14]" name="tearDown" is-config="true" duration-ms="125" started-at="2022-11-23T17:59:35 IST" finished-at="2022-11-23T17:59:35 IST">
          <reporter-output>
          </reporter-output>
        </test-method> <!-- tearDown -->
        <test-method status="PASS" signature="setupBrowser(java.lang.String)[pri:0, instance:com.test.pages.HomePageTest@18bf3d14]" name="setupBrowser" is-config="true" duration-ms="3601" started-at="2022-11-23T17:59:35 IST" finished-at="2022-11-23T17:59:39 IST">
          <params>
            <param index="0">
              <value>
                <![CDATA[chrome]]>
              </value>
            </param>
          </params>
          <reporter-output>
          </reporter-output>
        </test-method> <!-- setupBrowser -->
        <test-method status="PASS" signature="setup()[pri:0, instance:com.test.pages.HomePageTest@18bf3d14]" name="setup" is-config="true" duration-ms="1" started-at="2022-11-23T17:59:39 IST" finished-at="2022-11-23T17:59:39 IST">
          <reporter-output>
          </reporter-output>
        </test-method> <!-- setup -->
        <test-method status="PASS" signature="getAllLinks()[pri:0, instance:com.test.pages.HomePageTest@18bf3d14]" name="getAllLinks" duration-ms="2023" started-at="2022-11-23T17:59:39 IST" finished-at="2022-11-23T17:59:41 IST">
          <reporter-output>
          </reporter-output>
        </test-method> <!-- getAllLinks -->
        <test-method status="PASS" signature="tearDown()[pri:0, instance:com.test.pages.HomePageTest@18bf3d14]" name="tearDown" is-config="true" duration-ms="107" started-at="2022-11-23T17:59:41 IST" finished-at="2022-11-23T17:59:41 IST">
          <reporter-output>
          </reporter-output>
        </test-method> <!-- tearDown -->
        <test-method status="PASS" signature="setupBrowser(java.lang.String)[pri:0, instance:com.test.pages.HomePageTest@18bf3d14]" name="setupBrowser" is-config="true" duration-ms="3831" started-at="2022-11-23T17:59:41 IST" finished-at="2022-11-23T17:59:45 IST">
          <params>
            <param index="0">
              <value>
                <![CDATA[chrome]]>
              </value>
            </param>
          </params>
          <reporter-output>
          </reporter-output>
        </test-method> <!-- setupBrowser -->
        <test-method status="PASS" signature="setup()[pri:0, instance:com.test.pages.HomePageTest@18bf3d14]" name="setup" is-config="true" duration-ms="2" started-at="2022-11-23T17:59:45 IST" finished-at="2022-11-23T17:59:45 IST">
          <reporter-output>
          </reporter-output>
        </test-method> <!-- setup -->
        <test-method status="PASS" signature="VerifyChat()[pri:1, instance:com.test.pages.HomePageTest@18bf3d14]" name="VerifyChat" duration-ms="15390" started-at="2022-11-23T17:59:45 IST" finished-at="2022-11-23T18:00:00 IST">
          <reporter-output>
          </reporter-output>
        </test-method> <!-- VerifyChat -->
        <test-method status="PASS" signature="tearDown()[pri:0, instance:com.test.pages.HomePageTest@18bf3d14]" name="tearDown" is-config="true" duration-ms="105" started-at="2022-11-23T18:00:00 IST" finished-at="2022-11-23T18:00:00 IST">
          <reporter-output>
          </reporter-output>
        </test-method> <!-- tearDown -->
      </class> <!-- com.test.pages.HomePageTest -->
      <class name="com.test.pages.IntegrationPageTest">
        <test-method status="PASS" signature="deleteScreenShots()[pri:0, instance:com.test.pages.IntegrationPageTest@1fc2b765]" name="deleteScreenShots" is-config="true" duration-ms="9" started-at="2022-11-23T17:59:23 IST" finished-at="2022-11-23T17:59:23 IST">
          <reporter-output>
          </reporter-output>
        </test-method> <!-- deleteScreenShots -->
        <test-method status="PASS" signature="setupBrowser(java.lang.String)[pri:0, instance:com.test.pages.IntegrationPageTest@1fc2b765]" name="setupBrowser" is-config="true" duration-ms="6252" started-at="2022-11-23T17:59:23 IST" finished-at="2022-11-23T17:59:29 IST">
          <params>
            <param index="0">
              <value>
                <![CDATA[chrome]]>
              </value>
            </param>
          </params>
          <reporter-output>
          </reporter-output>
        </test-method> <!-- setupBrowser -->
        <test-method status="PASS" signature="setup()[pri:0, instance:com.test.pages.IntegrationPageTest@1fc2b765]" name="setup" is-config="true" duration-ms="24" started-at="2022-11-23T17:59:29 IST" finished-at="2022-11-23T17:59:29 IST">
          <reporter-output>
          </reporter-output>
        </test-method> <!-- setup -->
        <test-method status="PASS" signature="verifyKiwiModule_ActionClass()[pri:0, instance:com.test.pages.IntegrationPageTest@1fc2b765]" name="verifyKiwiModule_ActionClass" duration-ms="477" started-at="2022-11-23T17:59:29 IST" finished-at="2022-11-23T17:59:30 IST">
          <reporter-output>
          </reporter-output>
        </test-method> <!-- verifyKiwiModule_ActionClass -->
        <test-method status="PASS" signature="tearDown()[pri:0, instance:com.test.pages.IntegrationPageTest@1fc2b765]" name="tearDown" is-config="true" duration-ms="181" started-at="2022-11-23T17:59:30 IST" finished-at="2022-11-23T17:59:30 IST">
          <reporter-output>
          </reporter-output>
        </test-method> <!-- tearDown -->
      </class> <!-- com.test.pages.IntegrationPageTest -->
    </test> <!-- TestChrome -->
  </suite> <!-- AllTest -->
</testng-results>
