<?xml version="1.0" encoding="UTF-8"?>
<!-- Generated by org.testng.reporters.JUnitXMLReporter -->
<testsuite hostname="Princes-MacBook-Pro.local" ignored="1" name="TestChrome" tests="4" failures="0" timestamp="2022-11-23T18:00:00 IST" time="37.435" errors="0">
  <testcase name="verifyKiwiModule_ActionClass" time="0.477" classname="com.test.pages.IntegrationPageTest"/>
  <testcase name="VerifyHomePage" time="1.086" classname="com.test.pages.HomePageTest"/>
  <testcase name="getAllLinks" time="2.023" classname="com.test.pages.HomePageTest"/>
  <testcase name="VerifyChat" time="15.39" classname="com.test.pages.HomePageTest"/>
  <testcase name="@BeforeSuite deleteScreenShots" time="0.0" classname="com.test.base.BasePage">
    <ignored/>
  </testcase> <!-- @BeforeSuite deleteScreenShots -->
</testsuite> <!-- TestChrome -->
